<?xml version="1.0" encoding="UTF-8"?>
<!-- Generated by org.testng.reporters.JUnitXMLReporter -->
<testsuite ignored="0" hostname="DESKTOP-AKSHAY2" failures="2" tests="6" name="Test" time="0.184" errors="0" timestamp="2022-08-04T23:49:48 IST">
  <testcase classname="testNGListner.DemoClass" name="myMethod1" time="0.013"/>
  <testcase classname="testNGListner.DemoClass" name="myMethod2" time="0.007">
    <failure type="java.lang.AssertionError" message="null">
      <![CDATA[java.lang.AssertionError: null
at testNGListner.DemoClass.myMethod2(DemoClass.java:20)
at java.base/java.util.ArrayList.forEach(ArrayList.java:1541)
... Removed 29 stack frames]]>
    </failure>
  </testcase> <!-- myMethod2 -->
  <testcase classname="testNGListner.DemoClass" name="myMethod3" time="0.0">
    <skipped/>
  </testcase> <!-- myMethod3 -->
  <testcase classname="testNGListner.DemoClass2" name="myMethod4" time="0.002"/>
  <testcase classname="testNGListner.DemoClass2" name="myMethod5" time="0.008">
    <failure type="java.lang.AssertionError" message="null">
      <![CDATA[java.lang.AssertionError: null
at testNGListner.DemoClass2.myMethod5(DemoClass2.java:20)
at java.base/java.util.ArrayList.forEach(ArrayList.java:1541)
... Removed 29 stack frames]]>
    </failure>
  </testcase> <!-- myMethod5 -->
  <testcase classname="testNGListner.DemoClass2" name="myMethod6" time="0.0">
    <skipped/>
  </testcase> <!-- myMethod6 -->
</testsuite> <!-- Test -->
