<?xml version="1.0" encoding="UTF-8"?>
<!-- Generated by org.testng.reporters.JUnitXMLReporter -->
<testsuite ignored="4" hostname="DESKTOP-AKSHAY2" failures="0" tests="1" name="Default test(failed)(failed)(failed)" time="0.078" errors="0" timestamp="2022-07-27T11:53:54 IST">
  <testcase classname="testNGXMLStudy.FailedTestCases" name="c" time="0.012"/>
  <testcase classname="testNGXMLStudy.FailedTestCases" name="a" time="0.0">
    <ignored/>
  </testcase> <!-- a -->
  <testcase classname="testNGXMLStudy.FailedTestCases" name="b" time="0.0">
    <ignored/>
  </testcase> <!-- b -->
  <testcase classname="testNGXMLStudy.FailedTestCases" name="d" time="0.0">
    <ignored/>
  </testcase> <!-- d -->
  <testcase classname="testNGXMLStudy.FailedTestCases" name="e" time="0.0">
    <ignored/>
  </testcase> <!-- e -->
</testsuite> <!-- Default test(failed)(failed)(failed) -->
